Unable to capture context for thread 23076 in process 16688, can not generate back trace
Unable to capture context for thread 14136 in process 16688, can not generate back trace
Unable to capture context for thread 10888 in process 16688, can not generate back trace
Unable to capture context for thread 18980 in process 16688, can not generate back trace
Unable to capture context for thread 22808 in process 16688, can not generate back trace
Unable to capture context for thread 18352 in process 16688, can not generate back trace
Exception at PC 0x00007FFD8FACD759
Unable to capture context for thread 20380 in process 16688, can not generate back trace
Unable to capture context for thread 20612 in process 16688, can not generate back trace
Exception at PC 0x00007FFD8FACD759
Unable to capture context for thread 20612 in process 16688, can not generate back trace
Unable to capture context for thread 5228 in process 16688, can not generate back trace
Exception at PC 0x00007FFCE829BB93
Printing stacktrace...

Exception at PC 0x00007FFD8FACD759
Exception at PC 0x00007FFD8FACD759
Exception at PC 0x00007FFD8FACD759
Exception at PC 0x00007FFD8FACD759
Exception at PC 0x00007FFD8FACD759
Exception at PC 0x00007FFD8FACD759
Exception at PC 0x00007FFD8FACD759
Exception at PC 0x00007FFD8FACD759
[0]  [0x00007FFCE829BB93]
[1]  [0x00007FFCE829BB93]
[2]  [0x00007FFCE829B4A1]
[3]  [0x00007FFCE829B3EF]
[4]  [0x00007FFCE82819FE]
[5]  [0x00007FFCE8280ED1]
[6]  [0x00007FFCE8280D76]
[7]  [0x00007FFCE82279F6]
[8]  [0x00007FFCE8217AFB]
[9]  [0x00007FFCE833E90A]
[10]  [0x00007FFCE8359F87]
[11]  [0x00007FFCE835A05F]
[12] (BaseThreadInitThunk+0x14) [0x00007FFD918C7034]
[13] (RtlUserThreadStart+0x21) [0x00007FFD9205D0D1]
Done
Exception at PC 0x00007FFD8FACD759
Exception at PC 0x00007FFD8FACD759
Exception at PC 0x00007FFD8FACD759
Exception at PC 0x00007FFD8FACD759
Exception at PC 0x00007FFD8FACD759
Exception at PC 0x00007FFD8FACD759
Exception at PC 0x00007FFD8FACD759
Exception at PC 0x00007FFD8FACD759
